<?xml version="1.0" encoding="UTF-8"?>
<testng-results skipped="0" failed="0" total="2" passed="2">
  <reporter-output>
  </reporter-output>
  <suite name="Default suite" duration-ms="33811" started-at="2019-10-21T20:10:23Z" finished-at="2019-10-21T20:10:57Z">
    <groups>
      <group name="cucumber">
        <method signature="AbstractTestNGCucumberTests.feature(cucumber.api.testng.CucumberFeatureWrapper)[pri:0, instance:com.d.testrunner.Testrunner@685cb137]" name="feature" class="cucumber.api.testng.AbstractTestNGCucumberTests"/>
      </group> <!-- cucumber -->
    </groups>
    <test name="Default test" duration-ms="33811" started-at="2019-10-21T20:10:23Z" finished-at="2019-10-21T20:10:57Z">
      <class name="com.d.testrunner.Testrunner">
        <test-method status="PASS" signature="setUpClass()[pri:0, instance:com.d.testrunner.Testrunner@685cb137]" name="setUpClass" is-config="true" duration-ms="156" started-at="2019-10-21T16:10:23Z" finished-at="2019-10-21T16:10:23Z">
          <reporter-output>
          </reporter-output>
        </test-method> <!-- setUpClass -->
        <test-method status="PASS" signature="feature(cucumber.api.testng.CucumberFeatureWrapper)[pri:0, instance:com.d.testrunner.Testrunner@685cb137]" name="feature" duration-ms="7257" started-at="2019-10-21T16:10:23Z" description="Runs Cucumber Feature" data-provider="features" finished-at="2019-10-21T16:10:30Z">
          <params>
            <param index="0">
              <value>
                <![CDATA[OS commerce login features testing]]>
              </value>
            </param>
          </params>
          <reporter-output>
          </reporter-output>
        </test-method> <!-- feature -->
        <test-method status="PASS" signature="feature(cucumber.api.testng.CucumberFeatureWrapper)[pri:0, instance:com.d.testrunner.Testrunner@685cb137]" name="feature" duration-ms="26093" started-at="2019-10-21T16:10:30Z" description="Runs Cucumber Feature" data-provider="features" finished-at="2019-10-21T16:10:56Z">
          <params>
            <param index="0">
              <value>
                <![CDATA[osCommerce Signup features testing]]>
              </value>
            </param>
          </params>
          <reporter-output>
          </reporter-output>
        </test-method> <!-- feature -->
        <test-method status="PASS" signature="tearDownClass()[pri:0, instance:com.d.testrunner.Testrunner@685cb137]" name="tearDownClass" is-config="true" duration-ms="224" started-at="2019-10-21T16:10:56Z" finished-at="2019-10-21T16:10:57Z">
          <reporter-output>
          </reporter-output>
        </test-method> <!-- tearDownClass -->
      </class> <!-- com.d.testrunner.Testrunner -->
    </test> <!-- Default test -->
  </suite> <!-- Default suite -->
</testng-results>
