<?xml version="1.0" encoding="UTF-8"?>
<testng-results skipped="0" failed="0" total="3" passed="3">
  <reporter-output>
  </reporter-output>
  <suite name="Default suite" duration-ms="80808" started-at="2019-10-23T00:15:15Z" finished-at="2019-10-23T00:16:36Z">
    <groups>
      <group name="cucumber">
        <method signature="AbstractTestNGCucumberTests.feature(cucumber.api.testng.CucumberFeatureWrapper)[pri:0, instance:com.d.testrunner.Testrunner@685cb137]" name="feature" class="cucumber.api.testng.AbstractTestNGCucumberTests"/>
      </group> <!-- cucumber -->
    </groups>
    <test name="Default test" duration-ms="80808" started-at="2019-10-23T00:15:15Z" finished-at="2019-10-23T00:16:36Z">
      <class name="com.d.testrunner.Testrunner">
        <test-method status="PASS" signature="setUpClass()[pri:0, instance:com.d.testrunner.Testrunner@685cb137]" name="setUpClass" is-config="true" duration-ms="175" started-at="2019-10-22T20:15:15Z" finished-at="2019-10-22T20:15:16Z">
          <reporter-output>
          </reporter-output>
        </test-method> <!-- setUpClass -->
        <test-method status="PASS" signature="feature(cucumber.api.testng.CucumberFeatureWrapper)[pri:0, instance:com.d.testrunner.Testrunner@685cb137]" name="feature" duration-ms="31275" started-at="2019-10-22T20:15:16Z" description="Runs Cucumber Feature" data-provider="features" finished-at="2019-10-22T20:15:47Z">
          <params>
            <param index="0">
              <value>
                <![CDATA[Add to cart button Functionality testing]]>
              </value>
            </param>
          </params>
          <reporter-output>
          </reporter-output>
        </test-method> <!-- feature -->
        <test-method status="PASS" signature="feature(cucumber.api.testng.CucumberFeatureWrapper)[pri:0, instance:com.d.testrunner.Testrunner@685cb137]" name="feature" duration-ms="18582" started-at="2019-10-22T20:15:47Z" description="Runs Cucumber Feature" data-provider="features" finished-at="2019-10-22T20:16:05Z">
          <params>
            <param index="0">
              <value>
                <![CDATA[OS commerce login features testing]]>
              </value>
            </param>
          </params>
          <reporter-output>
          </reporter-output>
        </test-method> <!-- feature -->
        <test-method status="PASS" signature="feature(cucumber.api.testng.CucumberFeatureWrapper)[pri:0, instance:com.d.testrunner.Testrunner@685cb137]" name="feature" duration-ms="30451" started-at="2019-10-22T20:16:05Z" description="Runs Cucumber Feature" data-provider="features" finished-at="2019-10-22T20:16:36Z">
          <params>
            <param index="0">
              <value>
                <![CDATA[osCommerce Signup features testing]]>
              </value>
            </param>
          </params>
          <reporter-output>
          </reporter-output>
        </test-method> <!-- feature -->
        <test-method status="PASS" signature="tearDownClass()[pri:0, instance:com.d.testrunner.Testrunner@685cb137]" name="tearDownClass" is-config="true" duration-ms="260" started-at="2019-10-22T20:16:36Z" finished-at="2019-10-22T20:16:36Z">
          <reporter-output>
          </reporter-output>
        </test-method> <!-- tearDownClass -->
      </class> <!-- com.d.testrunner.Testrunner -->
    </test> <!-- Default test -->
  </suite> <!-- Default suite -->
</testng-results>
